[2026-02-24T19:47:38.635Z] RUN_FATAL_ERROR [run] - readPostMap is not defined
DETAILS:
{
  "name": "ReferenceError",
  "message": "readPostMap is not defined",
  "stack": "ReferenceError: readPostMap is not defined\n    at run (/home/matheus/git/technibus-new-site/scripts/import-wp-10-posts.ts:881:19)\n    at process.processTicksAndRejections (node:internal/process/task_queues:105:5)"
}

[2026-02-24T19:58:31.539Z] FEATURED_MEDIA_RESOLVE_ERROR [resolveFeaturedMediaFromPost] post=cop30-transportes-unidos-pela-descarbonizacao#29051 - Fetch failed: 401 Unauthorized (https://technibus.com.br/wp-json/wp/v2/media/19212)
DETAILS:
{
  "name": "Error",
  "message": "Fetch failed: 401 Unauthorized (https://technibus.com.br/wp-json/wp/v2/media/19212)",
  "stack": "Error: Fetch failed: 401 Unauthorized (https://technibus.com.br/wp-json/wp/v2/media/19212)\n    at fetchJson (/home/matheus/git/technibus-new-site/scripts/import-wp-10-posts.ts:186:22)\n    at process.processTicksAndRejections (node:internal/process/task_queues:105:5)\n    at async resolveFeaturedMediaFromPost (/home/matheus/git/technibus-new-site/scripts/import-wp-10-posts.ts:489:21)\n    at async run (/home/matheus/git/technibus-new-site/scripts/import-wp-10-posts.ts:902:30)"
}

[2026-02-24T20:02:44.585Z] FEATURED_MEDIA_RESOLVE_ERROR [resolveFeaturedMediaFromPost] post=concessionarias-viaquatro-e-viamobilidade-oferecem-245-vagas-com-admissao-imediata#27121 - Fetch failed: 401 Unauthorized (https://technibus.com.br/wp-json/wp/v2/media/19899)
DETAILS:
{
  "name": "Error",
  "message": "Fetch failed: 401 Unauthorized (https://technibus.com.br/wp-json/wp/v2/media/19899)",
  "stack": "Error: Fetch failed: 401 Unauthorized (https://technibus.com.br/wp-json/wp/v2/media/19899)\n    at fetchJson (/home/matheus/git/technibus-new-site/scripts/import-wp-10-posts.ts:186:22)\n    at process.processTicksAndRejections (node:internal/process/task_queues:105:5)\n    at async resolveFeaturedMediaFromPost (/home/matheus/git/technibus-new-site/scripts/import-wp-10-posts.ts:489:21)\n    at async run (/home/matheus/git/technibus-new-site/scripts/import-wp-10-posts.ts:902:30)"
}

[2026-02-24T20:03:03.686Z] FEATURED_MEDIA_RESOLVE_ERROR [resolveFeaturedMediaFromPost] post=nota-conjunta-simefre-e-abifer#26902 - Fetch failed: 401 Unauthorized (https://technibus.com.br/wp-json/wp/v2/media/5413)
DETAILS:
{
  "name": "Error",
  "message": "Fetch failed: 401 Unauthorized (https://technibus.com.br/wp-json/wp/v2/media/5413)",
  "stack": "Error: Fetch failed: 401 Unauthorized (https://technibus.com.br/wp-json/wp/v2/media/5413)\n    at fetchJson (/home/matheus/git/technibus-new-site/scripts/import-wp-10-posts.ts:186:22)\n    at process.processTicksAndRejections (node:internal/process/task_queues:105:5)\n    at async resolveFeaturedMediaFromPost (/home/matheus/git/technibus-new-site/scripts/import-wp-10-posts.ts:489:21)\n    at async run (/home/matheus/git/technibus-new-site/scripts/import-wp-10-posts.ts:902:30)"
}

[2026-02-24T20:07:02.528Z] IMG_404 (404) [downloadToTmp] post=bndes-vai-financiar-a-expansao-do-metro-do-df-em-samambaia#24564 url=https://agenciadenoticias.bndes.gov.br/export/sites/default/.galleries/imagegallery/imagem-1.png - 404 Not Found
[2026-02-24T20:08:18.804Z] FEATURED_MEDIA_RESOLVE_ERROR [resolveFeaturedMediaFromPost] post=plano-municipal-hidroviario-de-sao-paulo-tem-primeira-audiencia-publica#23852 - Fetch failed: 401 Unauthorized (https://technibus.com.br/wp-json/wp/v2/media/2650)
DETAILS:
{
  "name": "Error",
  "message": "Fetch failed: 401 Unauthorized (https://technibus.com.br/wp-json/wp/v2/media/2650)",
  "stack": "Error: Fetch failed: 401 Unauthorized (https://technibus.com.br/wp-json/wp/v2/media/2650)\n    at fetchJson (/home/matheus/git/technibus-new-site/scripts/import-wp-10-posts.ts:186:22)\n    at process.processTicksAndRejections (node:internal/process/task_queues:105:5)\n    at async resolveFeaturedMediaFromPost (/home/matheus/git/technibus-new-site/scripts/import-wp-10-posts.ts:489:21)\n    at async run (/home/matheus/git/technibus-new-site/scripts/import-wp-10-posts.ts:902:30)"
}

[2026-02-24T20:08:52.489Z] FEATURED_MEDIA_RESOLVE_ERROR [resolveFeaturedMediaFromPost] post=vendas-de-pneus-para-veiculos-registra-leve-crescimento-em-setembro#23425 - Fetch failed: 401 Unauthorized (https://technibus.com.br/wp-json/wp/v2/media/842)
DETAILS:
{
  "name": "Error",
  "message": "Fetch failed: 401 Unauthorized (https://technibus.com.br/wp-json/wp/v2/media/842)",
  "stack": "Error: Fetch failed: 401 Unauthorized (https://technibus.com.br/wp-json/wp/v2/media/842)\n    at fetchJson (/home/matheus/git/technibus-new-site/scripts/import-wp-10-posts.ts:186:22)\n    at process.processTicksAndRejections (node:internal/process/task_queues:105:5)\n    at async resolveFeaturedMediaFromPost (/home/matheus/git/technibus-new-site/scripts/import-wp-10-posts.ts:489:21)\n    at async run (/home/matheus/git/technibus-new-site/scripts/import-wp-10-posts.ts:902:30)"
}

[2026-02-24T20:10:31.195Z] IMG_404 (404) [downloadToTmp] post=brasil-avanca-nos-subsidios-as-tarifas-do-transporte-coletivo-mas-ainda-esta-atras-de-outros-paises-aponta-estudo-da-ntu#22312 url=https://ci3.googleusercontent.com/meips/ADKq_NaKYpqoMRN5IFL6abZ1wOX1ga0XFqx9Hb02Q-Vn-qH9lja9rBtKlazO3CNhq_QR3BKDAfZ9rLm2qG8QkrUWGkdOKevVZzeYjzv_XtQwFevHqjrKjhZ-2NlsMZSL-ViYk84l-fCBSQ2Gl-JZz3NYEPBbYPvgNOSyvFx1RG87LmuKx_cw4yrMavy5rtrW0-x0TUACD3tosgNrbjEA9NtesYS38RcU0CBWwirJUadVBpG5CX_u4MusAjWHZFBcsOIQzVZbBYBdb9LU_L5eKKu6ulnmlB4=s0-d-e1-ft#https://s2409.imxsnd16.com/0=IGO6QTNiFzNxoTbvNmLhJ3b0lGZl1GdvBUYu5WawFWajJXYtpDO4EjN2cTO2EDN6cmbw5SNjN2MmFmN0U2M2cTYldjN4MDOkNjN5IjMycDZwQ2YwYkMlQ2YwYkMlczM5UzMGJTJ2IDMx8VL1ETLf9VLwITLfpDN - 404 Not Found
[2026-02-24T20:10:31.443Z] IMG_404 (404) [downloadToTmp] post=brasil-avanca-nos-subsidios-as-tarifas-do-transporte-coletivo-mas-ainda-esta-atras-de-outros-paises-aponta-estudo-da-ntu#22312 url=https://ci3.googleusercontent.com/meips/ADKq_NY4fwOfVdC6gApN6Ar07wVUdkuif7UC4P5zpM3fvHIZ7e8siu7gzEqInxbUrdShPtgL5LDIYU2tuiCJRsxnf7CzGyoXAAFbOSfIE9l3mJ1uJ9Zf79doeJ7LbwL4ziPtRssCTymQguQfx3hEqyHtA7dM7H6L-WmV_GMtOp2qFOqNodwQYlU72lq6gblLCm_8-WkyBkLX1Ngvuj7dqzYUdNvSFEAW0lZmk2dMCXyknE5UMogpXtz0SMquZ28SwaQDMUX8Af2lN1HJ1DxBqXNsNF_1HIM=s0-d-e1-ft#https://s2409.imxsnd16.com/0=IGO6AjYhdzMipTbvNmLhJ3b0lGZl1GdvBUYu5WawFWajJXYtpDO4EjN2cTO2EDN6cmbw5CZ0gTZ5YjZ0QWZmhzY1gDMhVmZ3UTY3EGZmJjNjZWZwYkMlYWZwYkMlczM5UzMGJTJ2IDMx8VL1ETLf9VLwITLfpzN - 404 Not Found
[2026-02-24T20:10:31.695Z] IMG_404 (404) [downloadToTmp] post=brasil-avanca-nos-subsidios-as-tarifas-do-transporte-coletivo-mas-ainda-esta-atras-de-outros-paises-aponta-estudo-da-ntu#22312 url=https://ci3.googleusercontent.com/meips/ADKq_NbzlhInNguSApkzdjmyRucc5I1ptsNzgHUJtuUEC79CEWxaKLXFHLXWHtKDZ88-b2QV2JzAdzsyau1bykJQWmRO5-BgbB0DNdLZWKRTkWziG5q6rThFZSTxhdPfupDbGCpB387RVwlzwV_K0OaAVCUAPhw1fGjStWfCQpQs6Ra8pKMwK_XjjvILF5RSUD8bcyKMlY5uRfLnEQLLTbUa4sNtoeagdkdL2C9jjIDHh6fHVbtJQskpOWtEn5wF-E6m4fh8K8t0jaZ0zk0SLlo1qEHMStU=s0-d-e1-ft#https://s2409.imxsnd16.com/5=IGO6UDOhVjZlpTbvNmLhJ3b0lGZl1GdvBUYu5WawFWajJXYtpDO4EjN2cTO2EDN6cmbw5SN3IGMjJTO1UDZ4cDOhRmN2ETMmZDMkFGMycTNxEjZwYkMlEjZwYkMlczM5UzMGJTJ2IDMx8VL1ETLf9VLwITLfpDO - 404 Not Found
[2026-02-24T20:10:31.930Z] IMG_404 (404) [downloadToTmp] post=brasil-avanca-nos-subsidios-as-tarifas-do-transporte-coletivo-mas-ainda-esta-atras-de-outros-paises-aponta-estudo-da-ntu#22312 url=https://ci3.googleusercontent.com/meips/ADKq_NZCaQrb_3EEKbcPaFx3tlzCFJKvL8hsy7qQzPUywrX6XwfdsOW0pGKqVInmHD6BTTRH_gzIaFruRrG8GPYZmMx8gBzwIXicIAgGYwyCEznq9sqUZJxE9R1bznU5frnjPt0Eb1HZl2OLe9sCdPnZ5qydiG0Y5roxHVnERi1fqpGrTDk3F2Bzc_m7laiYkHuj4mfGty_fyEAMYpR_-ny13KsmW-j3kizI_fcmld7ocvXMVzGIV35tmzTr_l4Bowvz62MvK7vglDwcQ-FUIBKTNJ4RdME=s0-d-e1-ft#https://s2409.imxsnd16.com/6=IGO6MGNxAjYkpTbvNmLhJ3b0lGZl1GdvBUYu5WawFWajJXYtpDO4EjN2cTO2EDN6cmbw5SNzUmYmFmY5MTN3QmYzkzYyYDMlZmYiljZyYWYjFDN3YkMlEDN3YkMlczM5UzMGJTJ2IDMx8VL1ETLf9VLwITLfpTO - 404 Not Found
[2026-02-24T20:10:43.910Z] PAYLOAD_POST_SAVE_ERROR (400) [post:create/update] post=segundo-o-fundo-nacional-de-desenvolvimento-da-educacao-fnde-ate-agosto-de-2024-foram-liberados-1-309-onibus-pelas-montadoras-aos-entes-federados-pelo-programa-caminho-da-escola-do-total#22141 - O campo a seguir está inválido: Conteúdo > Conteúdo
DETAILS:
{
  "collection": "posts",
  "errors": [
    {
      "label": "Conteúdo > Conteúdo",
      "message": "Esse campo é obrigatório.",
      "path": "content"
    }
  ]
}

[2026-02-24T20:11:31.814Z] FEATURED_MEDIA_RESOLVE_ERROR [resolveFeaturedMediaFromPost] post=onibus-exerce-papel-fundamental-na-vida-dos-brasileiros#21859 - Fetch failed: 401 Unauthorized (https://technibus.com.br/wp-json/wp/v2/media/3509)
DETAILS:
{
  "name": "Error",
  "message": "Fetch failed: 401 Unauthorized (https://technibus.com.br/wp-json/wp/v2/media/3509)",
  "stack": "Error: Fetch failed: 401 Unauthorized (https://technibus.com.br/wp-json/wp/v2/media/3509)\n    at fetchJson (/home/matheus/git/technibus-new-site/scripts/import-wp-10-posts.ts:186:22)\n    at process.processTicksAndRejections (node:internal/process/task_queues:105:5)\n    at async resolveFeaturedMediaFromPost (/home/matheus/git/technibus-new-site/scripts/import-wp-10-posts.ts:489:21)\n    at async run (/home/matheus/git/technibus-new-site/scripts/import-wp-10-posts.ts:902:30)"
}

[2026-02-24T20:12:39.689Z] FEATURED_MEDIA_RESOLVE_ERROR [resolveFeaturedMediaFromPost] post=o-passe-livre-agora-e-100-digital#21422 - Fetch failed: 401 Unauthorized (https://technibus.com.br/wp-json/wp/v2/media/21421)
DETAILS:
{
  "name": "Error",
  "message": "Fetch failed: 401 Unauthorized (https://technibus.com.br/wp-json/wp/v2/media/21421)",
  "stack": "Error: Fetch failed: 401 Unauthorized (https://technibus.com.br/wp-json/wp/v2/media/21421)\n    at fetchJson (/home/matheus/git/technibus-new-site/scripts/import-wp-10-posts.ts:186:22)\n    at process.processTicksAndRejections (node:internal/process/task_queues:105:5)\n    at async resolveFeaturedMediaFromPost (/home/matheus/git/technibus-new-site/scripts/import-wp-10-posts.ts:489:21)\n    at async run (/home/matheus/git/technibus-new-site/scripts/import-wp-10-posts.ts:902:30)"
}

[2026-02-24T20:12:48.420Z] IMG_404 (404) [downloadToTmp] post=a-tevx-higer-entrega-novos-onibus-eletricos-em-belem#21349 url=https://storage.technibus.com.br/uploads/2024/07/Higer-para.jpg - 404 Not Found
[2026-02-24T20:12:48.791Z] IMG_404 (404) [downloadToTmp] post=empresa-de-turismo-uruguaia-adquire-vissta-buss-400-busscar#21346 url=https://storage.technibus.com.br/uploads/2024/07/Busscar-Vissta-Buss-400-Uruguai.jpg - 404 Not Found
[2026-02-24T20:14:58.647Z] FEATURED_MEDIA_RESOLVE_ERROR [resolveFeaturedMediaFromPost] post=vendas-de-pneus-para-veiculos-pesados-tem-aumento-de-08-no-primeiro-trimestre#20335 - Fetch failed: 401 Unauthorized (https://technibus.com.br/wp-json/wp/v2/media/2748)
DETAILS:
{
  "name": "Error",
  "message": "Fetch failed: 401 Unauthorized (https://technibus.com.br/wp-json/wp/v2/media/2748)",
  "stack": "Error: Fetch failed: 401 Unauthorized (https://technibus.com.br/wp-json/wp/v2/media/2748)\n    at fetchJson (/home/matheus/git/technibus-new-site/scripts/import-wp-10-posts.ts:186:22)\n    at process.processTicksAndRejections (node:internal/process/task_queues:105:5)\n    at async resolveFeaturedMediaFromPost (/home/matheus/git/technibus-new-site/scripts/import-wp-10-posts.ts:489:21)\n    at async run (/home/matheus/git/technibus-new-site/scripts/import-wp-10-posts.ts:902:30)"
}

[2026-02-24T20:16:46.272Z] FEATURED_MEDIA_RESOLVE_ERROR [resolveFeaturedMediaFromPost] post=vendas-de-pneus-para-veiculos-pesados-tem-queda-de-138-em-2023#19152 - Fetch failed: 401 Unauthorized (https://technibus.com.br/wp-json/wp/v2/media/1476)
DETAILS:
{
  "name": "Error",
  "message": "Fetch failed: 401 Unauthorized (https://technibus.com.br/wp-json/wp/v2/media/1476)",
  "stack": "Error: Fetch failed: 401 Unauthorized (https://technibus.com.br/wp-json/wp/v2/media/1476)\n    at fetchJson (/home/matheus/git/technibus-new-site/scripts/import-wp-10-posts.ts:186:22)\n    at process.processTicksAndRejections (node:internal/process/task_queues:105:5)\n    at async resolveFeaturedMediaFromPost (/home/matheus/git/technibus-new-site/scripts/import-wp-10-posts.ts:489:21)\n    at async run (/home/matheus/git/technibus-new-site/scripts/import-wp-10-posts.ts:902:30)"
}

[2026-02-24T20:18:32.262Z] FEATURED_MEDIA_RESOLVE_ERROR [resolveFeaturedMediaFromPost] post=vendas-de-pneus-para-veiculos-pesados-tem-queda-de-162-nos-oito-meses-de-2023#17944 - Fetch failed: 401 Unauthorized (https://technibus.com.br/wp-json/wp/v2/media/1476)
DETAILS:
{
  "name": "Error",
  "message": "Fetch failed: 401 Unauthorized (https://technibus.com.br/wp-json/wp/v2/media/1476)",
  "stack": "Error: Fetch failed: 401 Unauthorized (https://technibus.com.br/wp-json/wp/v2/media/1476)\n    at fetchJson (/home/matheus/git/technibus-new-site/scripts/import-wp-10-posts.ts:186:22)\n    at process.processTicksAndRejections (node:internal/process/task_queues:105:5)\n    at async resolveFeaturedMediaFromPost (/home/matheus/git/technibus-new-site/scripts/import-wp-10-posts.ts:489:21)\n    at async run (/home/matheus/git/technibus-new-site/scripts/import-wp-10-posts.ts:902:30)"
}

[2026-02-24T20:19:16.821Z] PAYLOAD_POST_SAVE_ERROR (400) [post:create/update] post=alem-dos-paineis-e-palestras-o-36o-seminario-nacional-ntu-tambem-ofereceu-aos-visitantes-uma-feira-de-produtos-e-servicos-voltados-para-o-setor-na-area-externa-os-onibus-com-a-tecnologia-euro-6-e-o#17439 - O campo a seguir está inválido: Conteúdo > Conteúdo
DETAILS:
{
  "collection": "posts",
  "errors": [
    {
      "label": "Conteúdo > Conteúdo",
      "message": "Esse campo é obrigatório.",
      "path": "content"
    }
  ]
}

[2026-02-24T20:19:32.787Z] FEATURED_MEDIA_RESOLVE_ERROR [resolveFeaturedMediaFromPost] post=vendas-de-pneus-para-veiculos-pesados-tem-queda-de-15-no-primeiro-semestre#17276 - Fetch failed: 401 Unauthorized (https://technibus.com.br/wp-json/wp/v2/media/1476)
DETAILS:
{
  "name": "Error",
  "message": "Fetch failed: 401 Unauthorized (https://technibus.com.br/wp-json/wp/v2/media/1476)",
  "stack": "Error: Fetch failed: 401 Unauthorized (https://technibus.com.br/wp-json/wp/v2/media/1476)\n    at fetchJson (/home/matheus/git/technibus-new-site/scripts/import-wp-10-posts.ts:186:22)\n    at process.processTicksAndRejections (node:internal/process/task_queues:105:5)\n    at async resolveFeaturedMediaFromPost (/home/matheus/git/technibus-new-site/scripts/import-wp-10-posts.ts:489:21)\n    at async run (/home/matheus/git/technibus-new-site/scripts/import-wp-10-posts.ts:902:30)"
}

[2026-02-24T20:19:58.989Z] PAYLOAD_POST_SAVE_ERROR (400) [post:create/update] post=frotas-conectadas-1o-dia-19-06-2023-parte-2#17040 - O campo a seguir está inválido: Conteúdo > Conteúdo
DETAILS:
{
  "collection": "posts",
  "errors": [
    {
      "label": "Conteúdo > Conteúdo",
      "message": "Esse campo é obrigatório.",
      "path": "content"
    }
  ]
}

[2026-02-24T20:19:59.018Z] PAYLOAD_POST_SAVE_ERROR (400) [post:create/update] post=frotas-conectadas-1o-dia-19-06-2023-parte-1#17036 - O campo a seguir está inválido: Conteúdo > Conteúdo
DETAILS:
{
  "collection": "posts",
  "errors": [
    {
      "label": "Conteúdo > Conteúdo",
      "message": "Esse campo é obrigatório.",
      "path": "content"
    }
  ]
}

[2026-02-24T20:20:48.105Z] FEATURED_MEDIA_RESOLVE_ERROR [resolveFeaturedMediaFromPost] post=volkswagen-atinge-a-marca-de-27-mil-onibus-entregues-ao-caminho-da-escola#16552 - Fetch failed: 401 Unauthorized (https://technibus.com.br/wp-json/wp/v2/media/5989)
DETAILS:
{
  "name": "Error",
  "message": "Fetch failed: 401 Unauthorized (https://technibus.com.br/wp-json/wp/v2/media/5989)",
  "stack": "Error: Fetch failed: 401 Unauthorized (https://technibus.com.br/wp-json/wp/v2/media/5989)\n    at fetchJson (/home/matheus/git/technibus-new-site/scripts/import-wp-10-posts.ts:186:22)\n    at process.processTicksAndRejections (node:internal/process/task_queues:105:5)\n    at async resolveFeaturedMediaFromPost (/home/matheus/git/technibus-new-site/scripts/import-wp-10-posts.ts:489:21)\n    at async run (/home/matheus/git/technibus-new-site/scripts/import-wp-10-posts.ts:902:30)"
}

[2026-02-24T20:20:54.015Z] FEATURED_MEDIA_RESOLVE_ERROR [resolveFeaturedMediaFromPost] post=vendas-totais-de-pneus-encerram-primeiro-trimestre-com-ligeira-alta#16492 - Fetch failed: 401 Unauthorized (https://technibus.com.br/wp-json/wp/v2/media/842)
DETAILS:
{
  "name": "Error",
  "message": "Fetch failed: 401 Unauthorized (https://technibus.com.br/wp-json/wp/v2/media/842)",
  "stack": "Error: Fetch failed: 401 Unauthorized (https://technibus.com.br/wp-json/wp/v2/media/842)\n    at fetchJson (/home/matheus/git/technibus-new-site/scripts/import-wp-10-posts.ts:186:22)\n    at process.processTicksAndRejections (node:internal/process/task_queues:105:5)\n    at async resolveFeaturedMediaFromPost (/home/matheus/git/technibus-new-site/scripts/import-wp-10-posts.ts:489:21)\n    at async run (/home/matheus/git/technibus-new-site/scripts/import-wp-10-posts.ts:902:30)"
}

[2026-02-24T20:23:07.947Z] FEATURED_MEDIA_RESOLVE_ERROR [resolveFeaturedMediaFromPost] post=vendas-de-pneus-para-veiculos-pesados-recuam-61-nos-dez-meses-de-2022#15134 - Fetch failed: 401 Unauthorized (https://technibus.com.br/wp-json/wp/v2/media/1476)
DETAILS:
{
  "name": "Error",
  "message": "Fetch failed: 401 Unauthorized (https://technibus.com.br/wp-json/wp/v2/media/1476)",
  "stack": "Error: Fetch failed: 401 Unauthorized (https://technibus.com.br/wp-json/wp/v2/media/1476)\n    at fetchJson (/home/matheus/git/technibus-new-site/scripts/import-wp-10-posts.ts:186:22)\n    at process.processTicksAndRejections (node:internal/process/task_queues:105:5)\n    at async resolveFeaturedMediaFromPost (/home/matheus/git/technibus-new-site/scripts/import-wp-10-posts.ts:489:21)\n    at async run (/home/matheus/git/technibus-new-site/scripts/import-wp-10-posts.ts:902:30)"
}

[2026-02-24T20:26:08.310Z] FEATURED_MEDIA_RESOLVE_ERROR [resolveFeaturedMediaFromPost] post=segmento-de-pesados-puxara-vendas-de-pneus-em-2022#13180 - Fetch failed: 401 Unauthorized (https://technibus.com.br/wp-json/wp/v2/media/1476)
DETAILS:
{
  "name": "Error",
  "message": "Fetch failed: 401 Unauthorized (https://technibus.com.br/wp-json/wp/v2/media/1476)",
  "stack": "Error: Fetch failed: 401 Unauthorized (https://technibus.com.br/wp-json/wp/v2/media/1476)\n    at fetchJson (/home/matheus/git/technibus-new-site/scripts/import-wp-10-posts.ts:186:22)\n    at process.processTicksAndRejections (node:internal/process/task_queues:105:5)\n    at async resolveFeaturedMediaFromPost (/home/matheus/git/technibus-new-site/scripts/import-wp-10-posts.ts:489:21)\n    at async run (/home/matheus/git/technibus-new-site/scripts/import-wp-10-posts.ts:902:30)"
}

[2026-02-24T20:26:37.842Z] IMG_404 (404) [downloadToTmp] post=ministerio-da-economia-prepara-programa-para-renovar-frota-de-caminhoes-e-onibus#12922 url=https://storage.technibus.com.br/uploads/2020/08/Agência-Brasília-e1648581872534.jpg - 404 Not Found
[2026-02-24T20:26:42.185Z] PAYLOAD_POST_SAVE_ERROR (400) [post:create/update] post=a-thomas-built-buses-fabricante-de-onibus-escolares-do-grupo-daimler-e-a-highland-electric-fleets-fornecedora-de-servicos-de-eletrificacao-estao-expandindo-o-relacionamento-para-reduzir-custos-ini#12853 - O campo a seguir está inválido: Conteúdo > Conteúdo
DETAILS:
{
  "collection": "posts",
  "errors": [
    {
      "label": "Conteúdo > Conteúdo",
      "message": "Esse campo é obrigatório.",
      "path": "content"
    }
  ]
}

[2026-02-24T20:27:15.128Z] FEATURED_MEDIA_RESOLVE_ERROR [resolveFeaturedMediaFromPost] post=deficit-das-autopecas-atinge-us-105-bilhoes-em-2021#12523 - Fetch failed: 401 Unauthorized (https://technibus.com.br/wp-json/wp/v2/media/3890)
DETAILS:
{
  "name": "Error",
  "message": "Fetch failed: 401 Unauthorized (https://technibus.com.br/wp-json/wp/v2/media/3890)",
  "stack": "Error: Fetch failed: 401 Unauthorized (https://technibus.com.br/wp-json/wp/v2/media/3890)\n    at fetchJson (/home/matheus/git/technibus-new-site/scripts/import-wp-10-posts.ts:186:22)\n    at process.processTicksAndRejections (node:internal/process/task_queues:105:5)\n    at async resolveFeaturedMediaFromPost (/home/matheus/git/technibus-new-site/scripts/import-wp-10-posts.ts:489:21)\n    at async run (/home/matheus/git/technibus-new-site/scripts/import-wp-10-posts.ts:902:30)"
}

[2026-02-24T20:27:30.339Z] FEATURED_MEDIA_RESOLVE_ERROR [resolveFeaturedMediaFromPost] post=mercado-de-onibus-se-prepara-para-nova-licitacao-do-caminho-da-escola#12341 - Fetch failed: 401 Unauthorized (https://technibus.com.br/wp-json/wp/v2/media/5989)
DETAILS:
{
  "name": "Error",
  "message": "Fetch failed: 401 Unauthorized (https://technibus.com.br/wp-json/wp/v2/media/5989)",
  "stack": "Error: Fetch failed: 401 Unauthorized (https://technibus.com.br/wp-json/wp/v2/media/5989)\n    at fetchJson (/home/matheus/git/technibus-new-site/scripts/import-wp-10-posts.ts:186:22)\n    at process.processTicksAndRejections (node:internal/process/task_queues:105:5)\n    at async resolveFeaturedMediaFromPost (/home/matheus/git/technibus-new-site/scripts/import-wp-10-posts.ts:489:21)\n    at async run (/home/matheus/git/technibus-new-site/scripts/import-wp-10-posts.ts:902:30)"
}

[2026-02-24T20:27:34.576Z] IMG_404 (404) [downloadToTmp] post=marco-saltini-vice-presidente-da-anfavea-2022-sera-um-ano-desafiador-nao-somente-por-conta-da-pandemia-que-pode-trazer-impacto-para-o-setor-mas-pelas-dificuldades-que-ainda-serao-enfrenta#12267 url=https://storage.technibus.com.br/uploads/2020/09/Saltini-Anfavea-ok-e1642186441929.jpg - 404 Not Found
[2026-02-24T20:27:35.675Z] PAYLOAD_POST_SAVE_ERROR (400) [post:create/update] post=a-rcr-que-atua-nas-regioes-norte-e-nordeste-do-brasil-comemora-a-retomada-do-turismo-em-costa-do-sauipe-litoral-norte-da-bahia-a-empresa-mantem-tres-onibus-de-fretamento-ideale-da-marco#12239 - O campo a seguir está inválido: Conteúdo > Conteúdo
DETAILS:
{
  "collection": "posts",
  "errors": [
    {
      "label": "Conteúdo > Conteúdo",
      "message": "Esse campo é obrigatório.",
      "path": "content"
    }
  ]
}

[2026-02-24T20:27:43.308Z] FEATURED_MEDIA_RESOLVE_ERROR [resolveFeaturedMediaFromPost] post=vendas-de-pneus-para-veiculos-pesados-crescem-de-1238-ate-novembro#12154 - Fetch failed: 401 Unauthorized (https://technibus.com.br/wp-json/wp/v2/media/3112)
DETAILS:
{
  "name": "Error",
  "message": "Fetch failed: 401 Unauthorized (https://technibus.com.br/wp-json/wp/v2/media/3112)",
  "stack": "Error: Fetch failed: 401 Unauthorized (https://technibus.com.br/wp-json/wp/v2/media/3112)\n    at fetchJson (/home/matheus/git/technibus-new-site/scripts/import-wp-10-posts.ts:186:22)\n    at process.processTicksAndRejections (node:internal/process/task_queues:105:5)\n    at async resolveFeaturedMediaFromPost (/home/matheus/git/technibus-new-site/scripts/import-wp-10-posts.ts:489:21)\n    at async run (/home/matheus/git/technibus-new-site/scripts/import-wp-10-posts.ts:902:30)"
}

[2026-02-24T20:28:00.001Z] PAYLOAD_POST_SAVE_ERROR (400) [post:create/update] post=marcopolo-comemora-producao-do-onibus-450-mil-o-modelo-rodoviario-paradiso-1800-double-decker-da-geracao-8-foi-entregue-ao-grupo-civa-um-dos-principais-operadores-de-transporte-de-passageiros-do-per#12067 - O campo a seguir está inválido: Conteúdo > Conteúdo
DETAILS:
{
  "collection": "posts",
  "errors": [
    {
      "label": "Conteúdo > Conteúdo",
      "message": "Esse campo é obrigatório.",
      "path": "content"
    }
  ]
}

[2026-02-24T20:28:15.875Z] FEATURED_MEDIA_RESOLVE_ERROR [resolveFeaturedMediaFromPost] post=vendas-de-pneus-para-veiculos-pesados-crescem-1514-ate-outubro#11900 - Fetch failed: 401 Unauthorized (https://technibus.com.br/wp-json/wp/v2/media/2748)
DETAILS:
{
  "name": "Error",
  "message": "Fetch failed: 401 Unauthorized (https://technibus.com.br/wp-json/wp/v2/media/2748)",
  "stack": "Error: Fetch failed: 401 Unauthorized (https://technibus.com.br/wp-json/wp/v2/media/2748)\n    at fetchJson (/home/matheus/git/technibus-new-site/scripts/import-wp-10-posts.ts:186:22)\n    at process.processTicksAndRejections (node:internal/process/task_queues:105:5)\n    at async resolveFeaturedMediaFromPost (/home/matheus/git/technibus-new-site/scripts/import-wp-10-posts.ts:489:21)\n    at async run (/home/matheus/git/technibus-new-site/scripts/import-wp-10-posts.ts:902:30)"
}

[2026-02-24T20:29:46.633Z] FEATURED_MEDIA_RESOLVE_ERROR [resolveFeaturedMediaFromPost] post=vendas-de-pneus-para-veiculos-pesados-aumentam-279-ate-julho#11036 - Fetch failed: 401 Unauthorized (https://technibus.com.br/wp-json/wp/v2/media/1476)
DETAILS:
{
  "name": "Error",
  "message": "Fetch failed: 401 Unauthorized (https://technibus.com.br/wp-json/wp/v2/media/1476)",
  "stack": "Error: Fetch failed: 401 Unauthorized (https://technibus.com.br/wp-json/wp/v2/media/1476)\n    at fetchJson (/home/matheus/git/technibus-new-site/scripts/import-wp-10-posts.ts:186:22)\n    at process.processTicksAndRejections (node:internal/process/task_queues:105:5)\n    at async resolveFeaturedMediaFromPost (/home/matheus/git/technibus-new-site/scripts/import-wp-10-posts.ts:489:21)\n    at async run (/home/matheus/git/technibus-new-site/scripts/import-wp-10-posts.ts:902:30)"
}

[2026-02-24T20:30:00.966Z] FEATURED_MEDIA_RESOLVE_ERROR [resolveFeaturedMediaFromPost] post=vendas-de-pneus-para-veiculos-pesados-crescem-338-no-primeiro-semestre#10836 - Fetch failed: 401 Unauthorized (https://technibus.com.br/wp-json/wp/v2/media/842)
DETAILS:
{
  "name": "Error",
  "message": "Fetch failed: 401 Unauthorized (https://technibus.com.br/wp-json/wp/v2/media/842)",
  "stack": "Error: Fetch failed: 401 Unauthorized (https://technibus.com.br/wp-json/wp/v2/media/842)\n    at fetchJson (/home/matheus/git/technibus-new-site/scripts/import-wp-10-posts.ts:186:22)\n    at process.processTicksAndRejections (node:internal/process/task_queues:105:5)\n    at async resolveFeaturedMediaFromPost (/home/matheus/git/technibus-new-site/scripts/import-wp-10-posts.ts:489:21)\n    at async run (/home/matheus/git/technibus-new-site/scripts/import-wp-10-posts.ts:902:30)"
}

[2026-02-24T20:30:19.139Z] FEATURED_MEDIA_RESOLVE_ERROR [resolveFeaturedMediaFromPost] post=producao-de-onibus-cresce-15-nos-primeiros-seis-meses-do-ano#10613 - Fetch failed: 401 Unauthorized (https://technibus.com.br/wp-json/wp/v2/media/5989)
DETAILS:
{
  "name": "Error",
  "message": "Fetch failed: 401 Unauthorized (https://technibus.com.br/wp-json/wp/v2/media/5989)",
  "stack": "Error: Fetch failed: 401 Unauthorized (https://technibus.com.br/wp-json/wp/v2/media/5989)\n    at fetchJson (/home/matheus/git/technibus-new-site/scripts/import-wp-10-posts.ts:186:22)\n    at process.processTicksAndRejections (node:internal/process/task_queues:105:5)\n    at async resolveFeaturedMediaFromPost (/home/matheus/git/technibus-new-site/scripts/import-wp-10-posts.ts:489:21)\n    at async run (/home/matheus/git/technibus-new-site/scripts/import-wp-10-posts.ts:902:30)"
}

[2026-02-24T20:30:32.526Z] FEATURED_MEDIA_RESOLVE_ERROR [resolveFeaturedMediaFromPost] post=venda-de-pneus-para-veiculos-pesados-tem-alta-de-341-ate-maio#10448 - Fetch failed: 401 Unauthorized (https://technibus.com.br/wp-json/wp/v2/media/2748)
DETAILS:
{
  "name": "Error",
  "message": "Fetch failed: 401 Unauthorized (https://technibus.com.br/wp-json/wp/v2/media/2748)",
  "stack": "Error: Fetch failed: 401 Unauthorized (https://technibus.com.br/wp-json/wp/v2/media/2748)\n    at fetchJson (/home/matheus/git/technibus-new-site/scripts/import-wp-10-posts.ts:186:22)\n    at process.processTicksAndRejections (node:internal/process/task_queues:105:5)\n    at async resolveFeaturedMediaFromPost (/home/matheus/git/technibus-new-site/scripts/import-wp-10-posts.ts:489:21)\n    at async run (/home/matheus/git/technibus-new-site/scripts/import-wp-10-posts.ts:902:30)"
}

[2026-02-24T20:31:08.825Z] FEATURED_MEDIA_RESOLVE_ERROR [resolveFeaturedMediaFromPost] post=venda-de-pneus-para-veiculos-pesados-cresce-33-no-quadrimestre#9991 - Fetch failed: 401 Unauthorized (https://technibus.com.br/wp-json/wp/v2/media/2748)
DETAILS:
{
  "name": "Error",
  "message": "Fetch failed: 401 Unauthorized (https://technibus.com.br/wp-json/wp/v2/media/2748)",
  "stack": "Error: Fetch failed: 401 Unauthorized (https://technibus.com.br/wp-json/wp/v2/media/2748)\n    at fetchJson (/home/matheus/git/technibus-new-site/scripts/import-wp-10-posts.ts:186:22)\n    at process.processTicksAndRejections (node:internal/process/task_queues:105:5)\n    at async resolveFeaturedMediaFromPost (/home/matheus/git/technibus-new-site/scripts/import-wp-10-posts.ts:489:21)\n    at async run (/home/matheus/git/technibus-new-site/scripts/import-wp-10-posts.ts:902:30)"
}

[2026-02-24T20:31:14.293Z] PAYLOAD_POST_SAVE_ERROR (400) [post:create/update] post=daimler-entrega-os-primeiros-onibus-eletricos-ecitaro-articulados-da-mercedes-benz-modelos-fazem-parte-de-uma-encomenda-de-48-onibus-urbanos-e-vao-eletrificar-o-transporte-coletivo-na-cidade-de-hanno#9912 - O campo a seguir está inválido: Conteúdo > Conteúdo
DETAILS:
{
  "collection": "posts",
  "errors": [
    {
      "label": "Conteúdo > Conteúdo",
      "message": "Esse campo é obrigatório.",
      "path": "content"
    }
  ]
}

[2026-02-24T20:31:38.240Z] FEATURED_MEDIA_RESOLVE_ERROR [resolveFeaturedMediaFromPost] post=vendas-de-pneus-para-veiculos-pesados-crescem-155#9608 - Fetch failed: 401 Unauthorized (https://technibus.com.br/wp-json/wp/v2/media/1476)
DETAILS:
{
  "name": "Error",
  "message": "Fetch failed: 401 Unauthorized (https://technibus.com.br/wp-json/wp/v2/media/1476)",
  "stack": "Error: Fetch failed: 401 Unauthorized (https://technibus.com.br/wp-json/wp/v2/media/1476)\n    at fetchJson (/home/matheus/git/technibus-new-site/scripts/import-wp-10-posts.ts:186:22)\n    at process.processTicksAndRejections (node:internal/process/task_queues:105:5)\n    at async resolveFeaturedMediaFromPost (/home/matheus/git/technibus-new-site/scripts/import-wp-10-posts.ts:489:21)\n    at async run (/home/matheus/git/technibus-new-site/scripts/import-wp-10-posts.ts:902:30)"
}

[2026-02-24T20:31:57.493Z] FEATURED_MEDIA_RESOLVE_ERROR [resolveFeaturedMediaFromPost] post=scania-suspende-a-producao-por-dez-dias#9367 - Fetch failed: 401 Unauthorized (https://technibus.com.br/wp-json/wp/v2/media/5793)
DETAILS:
{
  "name": "Error",
  "message": "Fetch failed: 401 Unauthorized (https://technibus.com.br/wp-json/wp/v2/media/5793)",
  "stack": "Error: Fetch failed: 401 Unauthorized (https://technibus.com.br/wp-json/wp/v2/media/5793)\n    at fetchJson (/home/matheus/git/technibus-new-site/scripts/import-wp-10-posts.ts:186:22)\n    at process.processTicksAndRejections (node:internal/process/task_queues:105:5)\n    at async resolveFeaturedMediaFromPost (/home/matheus/git/technibus-new-site/scripts/import-wp-10-posts.ts:489:21)\n    at async run (/home/matheus/git/technibus-new-site/scripts/import-wp-10-posts.ts:902:30)"
}

[2026-02-24T20:32:31.924Z] FEATURED_MEDIA_RESOLVE_ERROR [resolveFeaturedMediaFromPost] post=emplacamentos-de-onibus-recuam-2243-em-fevereiro#9052 - Fetch failed: 401 Unauthorized (https://technibus.com.br/wp-json/wp/v2/media/8431)
DETAILS:
{
  "name": "Error",
  "message": "Fetch failed: 401 Unauthorized (https://technibus.com.br/wp-json/wp/v2/media/8431)",
  "stack": "Error: Fetch failed: 401 Unauthorized (https://technibus.com.br/wp-json/wp/v2/media/8431)\n    at fetchJson (/home/matheus/git/technibus-new-site/scripts/import-wp-10-posts.ts:186:22)\n    at process.processTicksAndRejections (node:internal/process/task_queues:105:5)\n    at async resolveFeaturedMediaFromPost (/home/matheus/git/technibus-new-site/scripts/import-wp-10-posts.ts:489:21)\n    at async run (/home/matheus/git/technibus-new-site/scripts/import-wp-10-posts.ts:902:30)"
}

[2026-02-24T20:32:53.618Z] PAYLOAD_POST_SAVE_ERROR (400) [post:create/update] post=brt-sorocaba-realiza-treinamento-para-motoristas-para-trabalhar-com-os-onibus-super-articulados-os-profissionais-necessitam-de-capacitacao-especifica-e-visao-sistemica-da-operacao#8867 - O campo a seguir está inválido: Conteúdo > Conteúdo
DETAILS:
{
  "collection": "posts",
  "errors": [
    {
      "label": "Conteúdo > Conteúdo",
      "message": "Esse campo é obrigatório.",
      "path": "content"
    }
  ]
}

[2026-02-24T20:32:56.246Z] PAYLOAD_POST_SAVE_ERROR (400) [post:create/update] post=artesp-realiza-fiscalizacao-de-transporte-de-passageiros-na-regiao-de-campinas-no-interior-de-sao-paulo#8833 - O campo a seguir está inválido: Conteúdo > Conteúdo
DETAILS:
{
  "collection": "posts",
  "errors": [
    {
      "label": "Conteúdo > Conteúdo",
      "message": "Esse campo é obrigatório.",
      "path": "content"
    }
  ]
}

[2026-02-24T20:33:07.351Z] PAYLOAD_POST_SAVE_ERROR (400) [post:create/update] post=a-byd-recebeu-o-primeiro-pedido-para-o-mercado-romeno-o-municipio-de-buzau-no-sudeste-do-pais-encomendou-nove-onibus-eletricos-de-12-metros#8707 - O campo a seguir está inválido: Conteúdo > Conteúdo
DETAILS:
{
  "collection": "posts",
  "errors": [
    {
      "label": "Conteúdo > Conteúdo",
      "message": "Esse campo é obrigatório.",
      "path": "content"
    }
  ]
}

[2026-02-24T20:33:19.881Z] PAYLOAD_POST_SAVE_ERROR (400) [post:create/update] post=a-empresa-tahiti-automobiles-adquiriu-dois-onibus-do-modelo-f2500-produzidos-pela-caio-que-serao-usados-no-transporte-escolar-de-papeete-capital-do-tahiti-na-polinesia-francesa#8537 - O campo a seguir está inválido: Conteúdo > Conteúdo
DETAILS:
{
  "collection": "posts",
  "errors": [
    {
      "label": "Conteúdo > Conteúdo",
      "message": "Esse campo é obrigatório.",
      "path": "content"
    }
  ]
}

[2026-02-24T20:33:29.370Z] PAYLOAD_POST_SAVE_ERROR (400) [post:create/update] post=a-byd-recebeu-o-pedido-para-mais-406-onibus-eletricos-para-o-sistema-transmilenio-em-bogota-capital-da-colombia-em-17-de-dezembro-a-byd-ja-havia-iniciado-a-entrega-de-470-veiculos-para-a-cidade#8458 - O campo a seguir está inválido: Conteúdo > Conteúdo
DETAILS:
{
  "collection": "posts",
  "errors": [
    {
      "label": "Conteúdo > Conteúdo",
      "message": "Esse campo é obrigatório.",
      "path": "content"
    }
  ]
}

[2026-02-24T20:33:42.921Z] PAYLOAD_POST_SAVE_ERROR (400) [post:create/update] post=a-estacao-aeroporto-guarulhos-sp-recebe-dois-novos-trens-para-a-linha-13-jade-da-cptm-um-deles-esta-decorado-com-luzes-natalinas-para-as-festas-de-fim-de-ano-e-vai-circular-iluminado-ate-o-final-do#8378 - O campo a seguir está inválido: Conteúdo > Conteúdo
DETAILS:
{
  "collection": "posts",
  "errors": [
    {
      "label": "Conteúdo > Conteúdo",
      "message": "Esse campo é obrigatório.",
      "path": "content"
    }
  ]
}

[2026-02-24T20:33:49.293Z] PAYLOAD_POST_SAVE_ERROR (400) [post:create/update] post=a-caio-entregou-um-onibus-apache-vip-para-a-ong-programando-o-futuro-de-valparaiso-em-goias-que-atua-na-inclusao-digital-de-comunidades-carentes-e-em-projetos-sociais-o-veiculo-customizado-sera-ut#8287 - O campo a seguir está inválido: Conteúdo > Conteúdo
DETAILS:
{
  "collection": "posts",
  "errors": [
    {
      "label": "Conteúdo > Conteúdo",
      "message": "Esse campo é obrigatório.",
      "path": "content"
    }
  ]
}

[2026-02-24T20:33:54.043Z] PAYLOAD_POST_SAVE_ERROR (400) [post:create/update] post=expresso-fenix-assume-transporte-coletivo-de-passageiros-de-itanhaem-sp-a-frota-conta-com-22-onibus-acessiveis-com-idade-media-de-35-anos-wi-fi-gratuita-e-bilhetagem-eletronica#8214 - O campo a seguir está inválido: Conteúdo > Conteúdo
DETAILS:
{
  "collection": "posts",
  "errors": [
    {
      "label": "Conteúdo > Conteúdo",
      "message": "Esse campo é obrigatório.",
      "path": "content"
    }
  ]
}

[2026-02-24T20:34:00.154Z] PAYLOAD_MEDIA_CREATE_ERROR (400) [createOrReuseMedia] post=br7-lanca-servico-de-transporte-coletivo-por-demanda#8174 url=https://storage.technibus.com.br/uploads/2020/12/BR7-UBUS.jpg - Ocorreu um problema ao carregar o arquivo.
DETAILS:
{
  "name": "FileUploadError",
  "message": "Ocorreu um problema ao carregar o arquivo.",
  "stack": "FileUploadError: Ocorreu um problema ao carregar o arquivo.\n    at generateFileData (/home/matheus/git/technibus-new-site/node_modules/payload/src/uploads/generateFileData.ts:419:11)\n    at async createOperation (/home/matheus/git/technibus-new-site/node_modules/payload/src/collections/operations/create.ts:162:57)\n    at async createOrReuseMedia (/home/matheus/git/technibus-new-site/scripts/import-wp-10-posts.ts:437:17)\n    at async run (/home/matheus/git/technibus-new-site/scripts/import-wp-10-posts.ts:904:29)"
}

[2026-02-24T20:34:03.788Z] PAYLOAD_POST_SAVE_ERROR (400) [post:create/update] post=a-jg-tour-e-viagens-empresa-de-turismo-de-curitiba-e-a-primeira-operadora-de-transporte-rodoviario-do-brasil-a-incorporar-a-sua-frota-um-onibus-marcopolo-paradiso-new-g7-1800-double-decker-com-soluc#8128 - O campo a seguir está inválido: Conteúdo > Conteúdo
DETAILS:
{
  "collection": "posts",
  "errors": [
    {
      "label": "Conteúdo > Conteúdo",
      "message": "Esse campo é obrigatório.",
      "path": "content"
    }
  ]
}

[2026-02-24T20:34:11.877Z] PAYLOAD_POST_SAVE_ERROR (400) [post:create/update] post=apos-a-entrega-de-700-onibus-articulados-e-biarticulados-para-o-sistema-brt-de-bogota-a-volvo-fechou-a-venda-de-321-onibus-convencionais-com-motor-traseiro-participacao-volvo-nos-veiculos-pesados-d#7966 - O campo a seguir está inválido: Conteúdo > Conteúdo
DETAILS:
{
  "collection": "posts",
  "errors": [
    {
      "label": "Conteúdo > Conteúdo",
      "message": "Esse campo é obrigatório.",
      "path": "content"
    }
  ]
}

[2026-02-24T20:34:13.697Z] FEATURED_MEDIA_RESOLVE_ERROR [resolveFeaturedMediaFromPost] post=producao-de-onibus-acumula-queda-de-358-ate-outubro#7938 - Fetch failed: 401 Unauthorized (https://technibus.com.br/wp-json/wp/v2/media/5989)
DETAILS:
{
  "name": "Error",
  "message": "Fetch failed: 401 Unauthorized (https://technibus.com.br/wp-json/wp/v2/media/5989)",
  "stack": "Error: Fetch failed: 401 Unauthorized (https://technibus.com.br/wp-json/wp/v2/media/5989)\n    at fetchJson (/home/matheus/git/technibus-new-site/scripts/import-wp-10-posts.ts:186:22)\n    at process.processTicksAndRejections (node:internal/process/task_queues:105:5)\n    at async resolveFeaturedMediaFromPost (/home/matheus/git/technibus-new-site/scripts/import-wp-10-posts.ts:489:21)\n    at async run (/home/matheus/git/technibus-new-site/scripts/import-wp-10-posts.ts:902:30)"
}

[2026-02-24T20:34:15.371Z] IMG_404 (404) [downloadToTmp] post=ricardo-portolan-e-o-novo-diretor-da-marcopolo#7914 url=https://storage.technibus.com.br/uploads/2020/11/Ricardo-Portolan-MarcopoloSITEvai-e1642765820456.jpg - 404 Not Found
[2026-02-24T20:34:18.457Z] FEATURED_MEDIA_RESOLVE_ERROR [resolveFeaturedMediaFromPost] post=governo-de-sao-paulo-apresenta-os-doze-primeiros-onibus-antivirais-de-um-total-de-120-que-passam-a-integrar-a-frota-de-onibus-intermunicipais-da-emtu-sp#7885 - Fetch failed: 401 Unauthorized (https://technibus.com.br/wp-json/wp/v2/media/7862)
DETAILS:
{
  "name": "Error",
  "message": "Fetch failed: 401 Unauthorized (https://technibus.com.br/wp-json/wp/v2/media/7862)",
  "stack": "Error: Fetch failed: 401 Unauthorized (https://technibus.com.br/wp-json/wp/v2/media/7862)\n    at fetchJson (/home/matheus/git/technibus-new-site/scripts/import-wp-10-posts.ts:186:22)\n    at process.processTicksAndRejections (node:internal/process/task_queues:105:5)\n    at async resolveFeaturedMediaFromPost (/home/matheus/git/technibus-new-site/scripts/import-wp-10-posts.ts:489:21)\n    at async run (/home/matheus/git/technibus-new-site/scripts/import-wp-10-posts.ts:902:30)"
}

[2026-02-24T20:34:18.465Z] PAYLOAD_POST_SAVE_ERROR (400) [post:create/update] post=governo-de-sao-paulo-apresenta-os-doze-primeiros-onibus-antivirais-de-um-total-de-120-que-passam-a-integrar-a-frota-de-onibus-intermunicipais-da-emtu-sp#7885 - O campo a seguir está inválido: Conteúdo > Conteúdo
DETAILS:
{
  "collection": "posts",
  "errors": [
    {
      "label": "Conteúdo > Conteúdo",
      "message": "Esse campo é obrigatório.",
      "path": "content"
    }
  ]
}

[2026-02-24T20:34:21.479Z] PAYLOAD_POST_SAVE_ERROR (400) [post:create/update] post=vix-logistica-e-edp-vao-operar-primeiro-onibus-100-eletrico-do-pais-para-transporte-rodoviario-o-veiculo-ira-transportar-funcionarios-de-empresas-do-espirito-santo-com-chassi-produzido-pela-byd-o-o#7832 - O campo a seguir está inválido: Conteúdo > Conteúdo
DETAILS:
{
  "collection": "posts",
  "errors": [
    {
      "label": "Conteúdo > Conteúdo",
      "message": "Esse campo é obrigatório.",
      "path": "content"
    }
  ]
}

[2026-02-24T20:34:23.881Z] IMG_404 (404) [downloadToTmp] post=linha-de-credito-atrai-empresas-de-onibus-de-todo-o-brasil#7809 url=https://storage.technibus.com.br/uploads/2020/08/Agência-Brasília-e1648581872534.jpg - 404 Not Found
[2026-02-24T20:34:26.778Z] PAYLOAD_POST_SAVE_ERROR (400) [post:create/update] post=em-parceria-com-a-byd-a-comil-produz-sua-primeira-carroceria-com-chassi-totalmente-eletrico-byd-d9f-4x2-a-campione-invictus-esta-homologada-e-disponivel-o-mercado#7739 - O campo a seguir está inválido: Conteúdo > Conteúdo
DETAILS:
{
  "collection": "posts",
  "errors": [
    {
      "label": "Conteúdo > Conteúdo",
      "message": "Esse campo é obrigatório.",
      "path": "content"
    }
  ]
}

[2026-02-24T20:34:32.504Z] PAYLOAD_POST_SAVE_ERROR (400) [post:create/update] post=o-volksbus-18-330-ot-6x2-e-um-veiculo-conceito-e-inedito-para-a-volkswagen-caminhoes-e-onibus-com-um-terceiro-eixo-o-modelo-rodoviario-foi-escolhido-para-as-viagens-de-visita-a-fabrica-de-resende-r#7676 - O campo a seguir está inválido: Conteúdo > Conteúdo
DETAILS:
{
  "collection": "posts",
  "errors": [
    {
      "label": "Conteúdo > Conteúdo",
      "message": "Esse campo é obrigatório.",
      "path": "content"
    }
  ]
}

[2026-02-24T20:34:35.887Z] PAYLOAD_POST_SAVE_ERROR (400) [post:create/update] post=o-sistema-regular-de-transporte-publico-coletivo-de-lubango-em-angola-completou-um-ano-com-uma-frota-de-21-onibus-houve-14-milhao-de-acessos-registrados-no-periodo-segundo-a-transdata#7613 - O campo a seguir está inválido: Conteúdo > Conteúdo
DETAILS:
{
  "collection": "posts",
  "errors": [
    {
      "label": "Conteúdo > Conteúdo",
      "message": "Esse campo é obrigatório.",
      "path": "content"
    }
  ]
}

[2026-02-24T20:34:40.470Z] PAYLOAD_POST_SAVE_ERROR (400) [post:create/update] post=operadora-de-transporte-publico-nobina-abre-as-portas-do-mercado-finlandes-para-a-byd-com-o-pedido-de-106-onibus-eletricos#7505 - O campo a seguir está inválido: Conteúdo > Conteúdo
DETAILS:
{
  "collection": "posts",
  "errors": [
    {
      "label": "Conteúdo > Conteúdo",
      "message": "Esse campo é obrigatório.",
      "path": "content"
    }
  ]
}

[2026-02-24T20:34:49.537Z] PAYLOAD_POST_SAVE_ERROR (400) [post:create/update] post=artesp-realiza-blitz-de-fiscalizacao-em-tres-terminais-rodoviarios-da-capital-paulista-e-de-campinas#7394 - O campo a seguir está inválido: Conteúdo > Conteúdo
DETAILS:
{
  "collection": "posts",
  "errors": [
    {
      "label": "Conteúdo > Conteúdo",
      "message": "Esse campo é obrigatório.",
      "path": "content"
    }
  ]
}

[2026-02-24T20:34:50.241Z] IMG_404 (404) [downloadToTmp] post=caminho-da-escola-sustenta-a-producao-de-onibus#7353 url=https://storage.technibus.com.br/uploads/2020/09/Saltini-Anfavea-ok-e1642186441929.jpg - 404 Not Found
[2026-02-24T20:34:51.106Z] PAYLOAD_POST_SAVE_ERROR (400) [post:create/update] post=brt-sorocaba-inicia-a-operacao-do-eixo-norte-sul#7307 - O campo a seguir está inválido: Conteúdo > Conteúdo
DETAILS:
{
  "collection": "posts",
  "errors": [
    {
      "label": "Conteúdo > Conteúdo",
      "message": "Esse campo é obrigatório.",
      "path": "content"
    }
  ]
}

[2026-02-24T20:34:56.360Z] IMG_404 (404) [downloadToTmp] post=producao-de-onibus-cai-29-nos-sete-meses-de-2020#7258 url=https://storage.technibus.com.br/uploads/2020/08/Agência-Brasília-e1648581872534.jpg - 404 Not Found
[2026-02-24T20:35:01.980Z] PAYLOAD_POST_SAVE_ERROR (400) [post:create/update] post=acao-da-antt-contra-o-transporte-clandestino-apreende-nove-veiculos-em-sao-paulo-e-campinas#7172 - O campo a seguir está inválido: Conteúdo > Conteúdo
DETAILS:
{
  "collection": "posts",
  "errors": [
    {
      "label": "Conteúdo > Conteúdo",
      "message": "Esse campo é obrigatório.",
      "path": "content"
    }
  ]
}

[2026-02-24T20:35:03.455Z] PAYLOAD_POST_SAVE_ERROR (400) [post:create/update] post=a-marcopolo-apresenta-o-attivi-express-um-modelo-de-carroceria-urbana-articulada-para-chassis-de-propulsao-eletrica-o-modelo-que-faz-parte-do-projeto-do-primeiro-veiculo-leve-sobre-pneus-eletrico-d#7094 - O campo a seguir está inválido: Conteúdo > Conteúdo
DETAILS:
{
  "collection": "posts",
  "errors": [
    {
      "label": "Conteúdo > Conteúdo",
      "message": "Esse campo é obrigatório.",
      "path": "content"
    }
  ]
}

[2026-02-24T20:35:05.325Z] PAYLOAD_POST_SAVE_ERROR (400) [post:create/update] post=passada-a-pior-fase-da-pandemia-na-regiao-as-linhas-que-levam-as-praias-do-norte-em-sidney-na-australia-voltaram-a-circular-com-onibus-man-a-95-double-decker#7039 - O campo a seguir está inválido: Conteúdo > Conteúdo
DETAILS:
{
  "collection": "posts",
  "errors": [
    {
      "label": "Conteúdo > Conteúdo",
      "message": "Esse campo é obrigatório.",
      "path": "content"
    }
  ]
}

[2026-02-24T20:35:10.296Z] PAYLOAD_POST_SAVE_ERROR (400) [post:create/update] post=a-marcopolo-em-parceria-com-a-volvo-vai-fornecer-20-onibus-urbanos-para-o-transmetro-da-cidade-de-guatemala-os-veiculos-sao-do-modelo-viale-articulado-brt-com-chassi-volvo-b340-m-euro-5#6989 - O campo a seguir está inválido: Conteúdo > Conteúdo
DETAILS:
{
  "collection": "posts",
  "errors": [
    {
      "label": "Conteúdo > Conteúdo",
      "message": "Esse campo é obrigatório.",
      "path": "content"
    }
  ]
}

[2026-02-24T20:35:14.615Z] PAYLOAD_POST_SAVE_ERROR (400) [post:create/update] post=a-cooperativa-de-transportes-loja-operadora-do-equador-adquiriu-dois-onibus-marcopolo-paradiso-new-g7-1800-double-decker-com-chassi-scania-k460-b-8x2#6933 - O campo a seguir está inválido: Conteúdo > Conteúdo
DETAILS:
{
  "collection": "posts",
  "errors": [
    {
      "label": "Conteúdo > Conteúdo",
      "message": "Esse campo é obrigatório.",
      "path": "content"
    }
  ]
}

[2026-02-24T20:35:19.589Z] PAYLOAD_POST_SAVE_ERROR (400) [post:create/update] post=alstom-fornecera-sistema-de-metro-integrado-para-extensao-da-linha-7-do-metro-de-taipei-em-taiwan#6863 - O campo a seguir está inválido: Conteúdo > Conteúdo
DETAILS:
{
  "collection": "posts",
  "errors": [
    {
      "label": "Conteúdo > Conteúdo",
      "message": "Esse campo é obrigatório.",
      "path": "content"
    }
  ]
}

[2026-02-24T20:35:27.661Z] PAYLOAD_POST_SAVE_ERROR (400) [post:create/update] post=a-viacao-piracicabana-distrito-federal-df-recebe-seis-onibus-totalmente-eletricos-fabricados-pela-byd-modelo-d9w-com-carrocerias-marcopolo-torino-low-entry#6768 - O campo a seguir está inválido: Conteúdo > Conteúdo
DETAILS:
{
  "collection": "posts",
  "errors": [
    {
      "label": "Conteúdo > Conteúdo",
      "message": "Esse campo é obrigatório.",
      "path": "content"
    }
  ]
}

[2026-02-24T20:35:57.865Z] PAYLOAD_POST_SAVE_ERROR (400) [post:create/update] post=onibus-urbano-mercedes-benz-citaro-convertido-em-uti-movel-para-transportar-pacientes-com-covid-19-vai-ser-utilizado-na-cidade-de-ulm-alemanha#6345 - O campo a seguir está inválido: Conteúdo > Conteúdo
DETAILS:
{
  "collection": "posts",
  "errors": [
    {
      "label": "Conteúdo > Conteúdo",
      "message": "Esse campo é obrigatório.",
      "path": "content"
    }
  ]
}

[2026-02-24T20:36:28.198Z] PAYLOAD_MEDIA_CREATE_ERROR (500) [createOrReuseMedia] post=sao-paulo-retoma-licitacao-para-concessao-do-sistema-de-transporte#5658 url=https://storage.technibus.com.br/uploads/2019/02/TB138-completa.bmp - Failed to generate blur data url
DETAILS:
{
  "name": "APIError",
  "message": "Failed to generate blur data url",
  "stack": "APIError: Failed to generate blur data url\n    at generateBlurHash (/home/matheus/git/technibus-new-site/src/utilities/payload/generate-blur-hash.ts:18:13)\n    at async createOperation (/home/matheus/git/technibus-new-site/node_modules/payload/src/collections/operations/create.ts:199:12)\n    at async createOrReuseMedia (/home/matheus/git/technibus-new-site/scripts/import-wp-10-posts.ts:437:17)\n    at async run (/home/matheus/git/technibus-new-site/scripts/import-wp-10-posts.ts:904:29)"
}

[2026-02-24T20:36:34.653Z] IMG_DOWNLOAD_ERROR [downloadToTmp] post=um-sopro-de-beleza-e-alegria#5468 url=//transportemodernoonline.com.br/wp-content/uploads/2018/11/2.bmp - Failed to parse URL from //transportemodernoonline.com.br/wp-content/uploads/2018/11/2.bmp
DETAILS:
{
  "name": "TypeError",
  "message": "Failed to parse URL from //transportemodernoonline.com.br/wp-content/uploads/2018/11/2.bmp",
  "stack": "TypeError: Failed to parse URL from //transportemodernoonline.com.br/wp-content/uploads/2018/11/2.bmp\n    at node:internal/deps/undici/undici:15845:13\n    at process.processTicksAndRejections (node:internal/process/task_queues:105:5)\n    at async downloadToTmp (/home/matheus/git/technibus-new-site/scripts/import-wp-10-posts.ts:236:17)\n    at async createOrReuseMedia (/home/matheus/git/technibus-new-site/scripts/import-wp-10-posts.ts:433:20)\n    at async htmlToLexical (/home/matheus/git/technibus-new-site/scripts/import-wp-10-posts.ts:766:33)\n    at async run (/home/matheus/git/technibus-new-site/scripts/import-wp-10-posts.ts:917:30)"
}

[2026-02-24T20:36:34.654Z] IMG_DOWNLOAD_ERROR [downloadToTmp] post=um-sopro-de-beleza-e-alegria#5468 url=//transportemodernoonline.com.br/wp-content/uploads/2018/11/PINTURADEFROTAS_FRTpg140141142e143-1.bmp - Failed to parse URL from //transportemodernoonline.com.br/wp-content/uploads/2018/11/PINTURADEFROTAS_FRTpg140141142e143-1.bmp
DETAILS:
{
  "name": "TypeError",
  "message": "Failed to parse URL from //transportemodernoonline.com.br/wp-content/uploads/2018/11/PINTURADEFROTAS_FRTpg140141142e143-1.bmp",
  "stack": "TypeError: Failed to parse URL from //transportemodernoonline.com.br/wp-content/uploads/2018/11/PINTURADEFROTAS_FRTpg140141142e143-1.bmp\n    at node:internal/deps/undici/undici:15845:13\n    at async downloadToTmp (/home/matheus/git/technibus-new-site/scripts/import-wp-10-posts.ts:236:17)\n    at async createOrReuseMedia (/home/matheus/git/technibus-new-site/scripts/import-wp-10-posts.ts:433:20)\n    at async htmlToLexical (/home/matheus/git/technibus-new-site/scripts/import-wp-10-posts.ts:766:33)\n    at async run (/home/matheus/git/technibus-new-site/scripts/import-wp-10-posts.ts:917:30)"
}

[2026-02-24T20:36:34.656Z] IMG_DOWNLOAD_ERROR [downloadToTmp] post=um-sopro-de-beleza-e-alegria#5468 url=//transportemodernoonline.com.br/wp-content/uploads/2018/11/4.bmp - Failed to parse URL from //transportemodernoonline.com.br/wp-content/uploads/2018/11/4.bmp
DETAILS:
{
  "name": "TypeError",
  "message": "Failed to parse URL from //transportemodernoonline.com.br/wp-content/uploads/2018/11/4.bmp",
  "stack": "TypeError: Failed to parse URL from //transportemodernoonline.com.br/wp-content/uploads/2018/11/4.bmp\n    at node:internal/deps/undici/undici:15845:13\n    at async downloadToTmp (/home/matheus/git/technibus-new-site/scripts/import-wp-10-posts.ts:236:17)\n    at async createOrReuseMedia (/home/matheus/git/technibus-new-site/scripts/import-wp-10-posts.ts:433:20)\n    at async htmlToLexical (/home/matheus/git/technibus-new-site/scripts/import-wp-10-posts.ts:766:33)\n    at async run (/home/matheus/git/technibus-new-site/scripts/import-wp-10-posts.ts:917:30)"
}

[2026-02-24T20:36:39.357Z] FEATURED_MEDIA_RESOLVE_ERROR [resolveFeaturedMediaFromPost] post=mercado-de-onibus-terminara-2018-com-crescimento-de-75#5238 - Fetch failed: 401 Unauthorized (https://technibus.com.br/wp-json/wp/v2/media/4892)
DETAILS:
{
  "name": "Error",
  "message": "Fetch failed: 401 Unauthorized (https://technibus.com.br/wp-json/wp/v2/media/4892)",
  "stack": "Error: Fetch failed: 401 Unauthorized (https://technibus.com.br/wp-json/wp/v2/media/4892)\n    at fetchJson (/home/matheus/git/technibus-new-site/scripts/import-wp-10-posts.ts:186:22)\n    at process.processTicksAndRejections (node:internal/process/task_queues:105:5)\n    at async resolveFeaturedMediaFromPost (/home/matheus/git/technibus-new-site/scripts/import-wp-10-posts.ts:489:21)\n    at async run (/home/matheus/git/technibus-new-site/scripts/import-wp-10-posts.ts:902:30)"
}

[2026-02-24T20:36:40.866Z] FEATURED_MEDIA_RESOLVE_ERROR [resolveFeaturedMediaFromPost] post=suspensa-licitacao-de-sao-paulo#5139 - Fetch failed: 401 Unauthorized (https://technibus.com.br/wp-json/wp/v2/media/4882)
DETAILS:
{
  "name": "Error",
  "message": "Fetch failed: 401 Unauthorized (https://technibus.com.br/wp-json/wp/v2/media/4882)",
  "stack": "Error: Fetch failed: 401 Unauthorized (https://technibus.com.br/wp-json/wp/v2/media/4882)\n    at fetchJson (/home/matheus/git/technibus-new-site/scripts/import-wp-10-posts.ts:186:22)\n    at process.processTicksAndRejections (node:internal/process/task_queues:105:5)\n    at async resolveFeaturedMediaFromPost (/home/matheus/git/technibus-new-site/scripts/import-wp-10-posts.ts:489:21)\n    at async run (/home/matheus/git/technibus-new-site/scripts/import-wp-10-posts.ts:902:30)"
}

[2026-02-24T20:37:24.922Z] IMG_DOWNLOAD_ERROR [downloadToTmp] post=mais-tecnologia-mais-funcionalidades#4180 url=https://transportemodernoonline.com.br/wp-content/uploads/2017/09/bgm.jpg - fetch failed
DETAILS:
{
  "name": "TypeError",
  "message": "fetch failed",
  "stack": "TypeError: fetch failed\n    at node:internal/deps/undici/undici:15845:13\n    at process.processTicksAndRejections (node:internal/process/task_queues:105:5)\n    at async downloadToTmp (/home/matheus/git/technibus-new-site/scripts/import-wp-10-posts.ts:236:17)\n    at async createOrReuseMedia (/home/matheus/git/technibus-new-site/scripts/import-wp-10-posts.ts:433:20)\n    at async htmlToLexical (/home/matheus/git/technibus-new-site/scripts/import-wp-10-posts.ts:731:33)\n    at async run (/home/matheus/git/technibus-new-site/scripts/import-wp-10-posts.ts:917:30)"
}

[2026-02-24T20:37:36.353Z] FEATURED_MEDIA_RESOLVE_ERROR [resolveFeaturedMediaFromPost] post=volvo-vende-30-onibus-articulados-e-biarticulados-para-guatemala#4004 - Fetch failed: 401 Unauthorized (https://technibus.com.br/wp-json/wp/v2/media/4001)
DETAILS:
{
  "name": "Error",
  "message": "Fetch failed: 401 Unauthorized (https://technibus.com.br/wp-json/wp/v2/media/4001)",
  "stack": "Error: Fetch failed: 401 Unauthorized (https://technibus.com.br/wp-json/wp/v2/media/4001)\n    at fetchJson (/home/matheus/git/technibus-new-site/scripts/import-wp-10-posts.ts:186:22)\n    at process.processTicksAndRejections (node:internal/process/task_queues:105:5)\n    at async resolveFeaturedMediaFromPost (/home/matheus/git/technibus-new-site/scripts/import-wp-10-posts.ts:489:21)\n    at async run (/home/matheus/git/technibus-new-site/scripts/import-wp-10-posts.ts:902:30)"
}

[2026-02-24T20:37:39.858Z] FEATURED_MEDIA_RESOLVE_ERROR [resolveFeaturedMediaFromPost] post=janiz-transportes-adquire-micro-onibus-senior-turismo-da-marcopolo#3951 - Fetch failed: 401 Unauthorized (https://technibus.com.br/wp-json/wp/v2/media/3938)
DETAILS:
{
  "name": "Error",
  "message": "Fetch failed: 401 Unauthorized (https://technibus.com.br/wp-json/wp/v2/media/3938)",
  "stack": "Error: Fetch failed: 401 Unauthorized (https://technibus.com.br/wp-json/wp/v2/media/3938)\n    at fetchJson (/home/matheus/git/technibus-new-site/scripts/import-wp-10-posts.ts:186:22)\n    at process.processTicksAndRejections (node:internal/process/task_queues:105:5)\n    at async resolveFeaturedMediaFromPost (/home/matheus/git/technibus-new-site/scripts/import-wp-10-posts.ts:489:21)\n    at async run (/home/matheus/git/technibus-new-site/scripts/import-wp-10-posts.ts:902:30)"
}

[2026-02-24T20:38:07.081Z] IMG_DOWNLOAD_ERROR [downloadToTmp] post=driblar-a-crise-e-se-preparar-para-a-retomada#3126 url=https://transportemodernoonline.com.br/wp-content/uploads/2016/12/Fernando-Bortolini-DESTAQUE.jpg - fetch failed
DETAILS:
{
  "name": "TypeError",
  "message": "fetch failed",
  "stack": "TypeError: fetch failed\n    at node:internal/deps/undici/undici:15845:13\n    at process.processTicksAndRejections (node:internal/process/task_queues:105:5)\n    at async downloadToTmp (/home/matheus/git/technibus-new-site/scripts/import-wp-10-posts.ts:236:17)\n    at async createOrReuseMedia (/home/matheus/git/technibus-new-site/scripts/import-wp-10-posts.ts:433:20)\n    at async htmlToLexical (/home/matheus/git/technibus-new-site/scripts/import-wp-10-posts.ts:731:33)\n    at async run (/home/matheus/git/technibus-new-site/scripts/import-wp-10-posts.ts:917:30)"
}

[2026-02-24T20:38:46.978Z] IMG_DOWNLOAD_ERROR [downloadToTmp] post=amd-vende-novos-veiculos-para-pernambuco-e-sao-paulo#2436 url=http://transportemodernoonline.com.br/wp-content/uploads/2016/07/AMD-2.jpg - fetch failed
DETAILS:
{
  "name": "TypeError",
  "message": "fetch failed",
  "stack": "TypeError: fetch failed\n    at node:internal/deps/undici/undici:15845:13\n    at process.processTicksAndRejections (node:internal/process/task_queues:105:5)\n    at async downloadToTmp (/home/matheus/git/technibus-new-site/scripts/import-wp-10-posts.ts:236:17)\n    at async createOrReuseMedia (/home/matheus/git/technibus-new-site/scripts/import-wp-10-posts.ts:433:20)\n    at async htmlToLexical (/home/matheus/git/technibus-new-site/scripts/import-wp-10-posts.ts:731:33)\n    at async run (/home/matheus/git/technibus-new-site/scripts/import-wp-10-posts.ts:917:30)"
}

[2026-02-24T20:39:40.193Z] IMG_DOWNLOAD_ERROR [downloadToTmp] post=a-qualidade-do-transporte-publico-2#663 url=http://transportemodernoonline.com.br/wp-content/uploads/2015/05/ayrton_amaral-e1430775521664.jpg - fetch failed
DETAILS:
{
  "name": "TypeError",
  "message": "fetch failed",
  "stack": "TypeError: fetch failed\n    at node:internal/deps/undici/undici:15845:13\n    at process.processTicksAndRejections (node:internal/process/task_queues:105:5)\n    at async downloadToTmp (/home/matheus/git/technibus-new-site/scripts/import-wp-10-posts.ts:236:17)\n    at async createOrReuseMedia (/home/matheus/git/technibus-new-site/scripts/import-wp-10-posts.ts:433:20)\n    at async htmlToLexical (/home/matheus/git/technibus-new-site/scripts/import-wp-10-posts.ts:766:33)\n    at async run (/home/matheus/git/technibus-new-site/scripts/import-wp-10-posts.ts:917:30)"
}

